22:40:45: Creating resource group General
22:40:45: Creating resource group Internal
22:40:45: Creating resource group Autodetect
22:40:45: SceneManagerFactory for type 'DefaultSceneManager' registered.
22:40:45: Registering ResourceManager for type Material
22:40:45: Registering ResourceManager for type Mesh
22:40:45: Registering ResourceManager for type Skeleton
22:40:45: MovableObjectFactory for type 'ParticleSystem' registered.
22:40:45: OverlayElementFactory for type Panel registered.
22:40:45: OverlayElementFactory for type BorderPanel registered.
22:40:45: OverlayElementFactory for type TextArea registered.
22:40:45: Registering ResourceManager for type Font
22:40:45: ArchiveFactory for archive type FileSystem registered.
22:40:45: ArchiveFactory for archive type Zip registered.
22:40:46: FreeImage version: 3.10.0
22:40:46: This program uses FreeImage, a free, open source image library supporting all common bitmap formats. See http://freeimage.sourceforge.net for details
22:40:46: Supported formats: bmp,ico,jpg,jif,jpeg,jpe,jng,koa,iff,lbm,mng,pbm,pbm,pcd,pcx,pgm,pgm,png,ppm,ppm,ras,tga,targa,tif,tiff,wap,wbmp,wbm,psd,cut,xbm,xpm,gif,hdr,g3,sgi,exr,j2k,j2c,jp2
22:40:46: DDS codec registering
22:40:46: Registering ResourceManager for type HighLevelGpuProgram
22:40:46: Registering ResourceManager for type Compositor
22:40:46: MovableObjectFactory for type 'Entity' registered.
22:40:46: MovableObjectFactory for type 'Light' registered.
22:40:46: MovableObjectFactory for type 'BillboardSet' registered.
22:40:46: MovableObjectFactory for type 'ManualObject' registered.
22:40:46: MovableObjectFactory for type 'BillboardChain' registered.
22:40:46: MovableObjectFactory for type 'RibbonTrail' registered.
22:40:46: Loading library .\RenderSystem_Direct3D9
22:40:46: Installing plugin: D3D9 RenderSystem
22:40:46: D3D9 : Direct3D9 Rendering Subsystem created.
22:40:46: D3D9: Driver Detection Starts
22:40:46: D3D9: Driver Detection Ends
22:40:46: Plugin successfully installed
22:40:46: Loading library .\RenderSystem_GL
22:40:46: Installing plugin: GL RenderSystem
22:40:46: OpenGL Rendering Subsystem created.
22:40:46: Plugin successfully installed
22:40:46: Loading library .\Plugin_OctreeSceneManager
22:40:46: Installing plugin: Octree & Terrain Scene Manager
22:40:46: Plugin successfully installed
22:40:46: *-*-* OGRE Initialising
22:40:46: *-*-* Version 1.6.2 (Shoggoth)
22:40:46: OGRE EXCEPTION(6:FileNotFoundException): 'ogre.cfg' file not found! in ConfigFile::load at ..\src\OgreConfigFile.cpp (line 84)
22:40:49: *-*-* OGRE Shutdown
