12:45:44: Creating resource group General
12:45:44: Creating resource group Internal
12:45:44: Creating resource group Autodetect
12:45:44: SceneManagerFactory for type 'DefaultSceneManager' registered.
12:45:44: Registering ResourceManager for type Material
12:45:44: Registering ResourceManager for type Mesh
12:45:44: Registering ResourceManager for type Skeleton
12:45:44: MovableObjectFactory for type 'ParticleSystem' registered.
12:45:44: OverlayElementFactory for type Panel registered.
12:45:44: OverlayElementFactory for type BorderPanel registered.
12:45:44: OverlayElementFactory for type TextArea registered.
12:45:44: Registering ResourceManager for type Font
12:45:44: ArchiveFactory for archive type FileSystem registered.
12:45:44: ArchiveFactory for archive type Zip registered.
12:45:44: FreeImage version: 3.10.0
12:45:44: This program uses FreeImage, a free, open source image library supporting all common bitmap formats. See http://freeimage.sourceforge.net for details
12:45:44: Supported formats: bmp,ico,jpg,jif,jpeg,jpe,jng,koa,iff,lbm,mng,pbm,pbm,pcd,pcx,pgm,pgm,png,ppm,ppm,ras,tga,targa,tif,tiff,wap,wbmp,wbm,psd,cut,xbm,xpm,gif,hdr,g3,sgi,exr,j2k,j2c,jp2
12:45:44: DDS codec registering
12:45:44: Registering ResourceManager for type HighLevelGpuProgram
12:45:44: Registering ResourceManager for type Compositor
12:45:44: MovableObjectFactory for type 'Entity' registered.
12:45:44: MovableObjectFactory for type 'Light' registered.
12:45:44: MovableObjectFactory for type 'BillboardSet' registered.
12:45:44: MovableObjectFactory for type 'ManualObject' registered.
12:45:44: MovableObjectFactory for type 'BillboardChain' registered.
12:45:44: MovableObjectFactory for type 'RibbonTrail' registered.
12:45:44: OGRE EXCEPTION(6:FileNotFoundException): 'plugins.cfg' file not found! in ConfigFile::load at f:\codingextra\ogre\shoggoth_vc8\ogre\ogremain\src\ogreconfigfile.cpp (line 84)
12:45:44: plugins.cfg not found, automatic plugin loading disabled.
12:45:44: *-*-* OGRE Initialising
12:45:44: *-*-* Version 1.6.2 (Shoggoth)
12:45:44: OGRE EXCEPTION(6:FileNotFoundException): 'ogre.cfg' file not found! in ConfigFile::load at f:\codingextra\ogre\shoggoth_vc8\ogre\ogremain\src\ogreconfigfile.cpp (line 84)
12:45:46: *-*-* OGRE Shutdown
