23:21:42: Creating resource group General
23:21:42: Creating resource group Internal
23:21:42: Creating resource group Autodetect
23:21:42: SceneManagerFactory for type 'DefaultSceneManager' registered.
23:21:42: Registering ResourceManager for type Material
23:21:42: Registering ResourceManager for type Mesh
23:21:42: Registering ResourceManager for type Skeleton
23:21:42: MovableObjectFactory for type 'ParticleSystem' registered.
23:21:42: OverlayElementFactory for type Panel registered.
23:21:42: OverlayElementFactory for type BorderPanel registered.
23:21:42: OverlayElementFactory for type TextArea registered.
23:21:42: Registering ResourceManager for type Font
23:21:42: ArchiveFactory for archive type FileSystem registered.
23:21:42: ArchiveFactory for archive type Zip registered.
23:21:42: FreeImage version: 3.10.0
23:21:42: This program uses FreeImage, a free, open source image library supporting all common bitmap formats. See http://freeimage.sourceforge.net for details
23:21:42: Supported formats: bmp,ico,jpg,jif,jpeg,jpe,jng,koa,iff,lbm,mng,pbm,pbm,pcd,pcx,pgm,pgm,png,ppm,ppm,ras,tga,targa,tif,tiff,wap,wbmp,wbm,psd,cut,xbm,xpm,gif,hdr,g3,sgi,exr,j2k,j2c,jp2
23:21:42: DDS codec registering
23:21:42: Registering ResourceManager for type HighLevelGpuProgram
23:21:42: Registering ResourceManager for type Compositor
23:21:42: MovableObjectFactory for type 'Entity' registered.
23:21:42: MovableObjectFactory for type 'Light' registered.
23:21:42: MovableObjectFactory for type 'BillboardSet' registered.
23:21:42: MovableObjectFactory for type 'ManualObject' registered.
23:21:42: MovableObjectFactory for type 'BillboardChain' registered.
23:21:42: MovableObjectFactory for type 'RibbonTrail' registered.
23:21:42: OGRE EXCEPTION(6:FileNotFoundException): 'plugins.cfg' file not found! in ConfigFile::load at f:\codingextra\ogre\shoggoth_vc8\ogre\ogremain\src\ogreconfigfile.cpp (line 84)
23:21:42: plugins.cfg not found, automatic plugin loading disabled.
23:21:42: *-*-* OGRE Initialising
23:21:42: *-*-* Version 1.6.4 (Shoggoth)
23:21:42: OGRE EXCEPTION(6:FileNotFoundException): 'resources.cfg' file not found! in ConfigFile::load at f:\codingextra\ogre\shoggoth_vc8\ogre\ogremain\src\ogreconfigfile.cpp (line 84)
23:21:45: *-*-* OGRE Shutdown
23:21:45: Unregistering ResourceManager for type Compositor
23:21:45: Unregistering ResourceManager for type Font
23:21:45: Unregistering ResourceManager for type Skeleton
23:21:45: Unregistering ResourceManager for type Mesh
23:21:45: Unregistering ResourceManager for type HighLevelGpuProgram
23:21:45: Unregistering ResourceManager for type Material
